#
1.8.4
    fix texture path.
    fix bug of tar for long file name. 
    Change output format for UE5.

1.8.3
    implemented a function to expand OAR file for Regions with region names that contain characters that cannot be used as file names
        stop using tar32.dll

1.8.2
    fix complex skeleton bug.
    Unity/Editor/GLTFAutoCollider.cs for Unity6000 v1.1.1

1.8.1
    modify output folders
    fix Unity/Editor/GLTFAutoCollider.cs for Unity6000

1.8.0
    support glTF/glb

1.7.12
    Collect a few settings

1.7.11
    Bug fix

1.7.10
    upsfate UE Plugins
    Discontinue use of BREP (useBrep = false) for sculpted prims, Abnormal at scalpted prims

1.7.9
    change SelectOARShader.cs 

1.7.8
    readable multi resource files

1.7.7
    fix SIM name included space

1.7.6  2024 06/04
    SelectOARShader v1.7.2 and v2.1.1
    fix same names(IDs) in DAE file.

1.7.5  2024 05/29
    fix OAR file path include spaces. 

1.7.4  2024 05/27
    fix stack size, and spell miss (Fotmat!)

1.7.3  2024 05/26
    add magic string to no offset file name

1.7.2  2024 05/23
  Object information (center coordinate)

1.7.1  2024 05/22
  no offset  

1.7.0  2024 05/20
  support Joints of DAE

1.6.0  2024 04/21
  support Wavefront OBJ file

1.5.0  2024 01/27
  less Texture
  OARConvWin 1.2.x -> OARConvWin 1.5.0

1.4.6  2024 01/02
  support Unity 2022
  OARConvWin 1.2.1 for x64

---------------------------------------------

1.4.5
  OARConvWin 1.1.0

1.4.4
  fix "tree rotation bug" that tree does not rotation. re-generate tree images

1.4.3
  correct Gray Scale Sculpt Image

1.4.2
  support MS Windws (OARConvWin 1.0.0)

1.4.1
  fix memory leak of STLTool, for VS C++

1.4.0
  BREP (Boundary Representation) is used for vertexes arrangement. The data (dae file) size decreases.
  support of output of STL file(s) using BREP


